<?xml version="1.0" encoding="UTF-8"?>
<coverage generated="1675388891297" clover="3.2.0">
  <project timestamp="1675388891298" name="All files">
    <metrics statements="45" coveredstatements="37" conditionals="4" coveredconditionals="1" methods="19" coveredmethods="9" elements="68" coveredelements="47" complexity="0" loc="45" ncloc="45" packages="1" files="2" classes="2"/>
    <file name="changeDom.js" path="D:\Microverse\module-2\block-3\unit-test-pair-programming\To-do-list\src\modules\changeDom.js">
      <metrics statements="9" coveredstatements="6" conditionals="2" coveredconditionals="0" methods="4" coveredmethods="2"/>
      <line num="1" count="1" type="stmt"/>
      <line num="2" count="1" type="stmt"/>
      <line num="3" count="1" type="stmt"/>
      <line num="6" count="1" type="stmt"/>
      <line num="7" count="1" type="stmt"/>
      <line num="10" count="1" type="stmt"/>
      <line num="11" count="0" type="stmt"/>
      <line num="12" count="0" type="cond" truecount="0" falsecount="2"/>
      <line num="13" count="0" type="stmt"/>
    </file>
    <file name="todo.js" path="D:\Microverse\module-2\block-3\unit-test-pair-programming\To-do-list\src\modules\todo.js">
      <metrics statements="36" coveredstatements="31" conditionals="2" coveredconditionals="1" methods="15" coveredmethods="7"/>
      <line num="3" count="1" type="stmt"/>
      <line num="7" count="10" type="stmt"/>
      <line num="8" count="10" type="stmt"/>
      <line num="9" count="10" type="stmt"/>
      <line num="12" count="1" type="stmt"/>
      <line num="13" count="0" type="stmt"/>
      <line num="14" count="0" type="stmt"/>
      <line num="15" count="0" type="stmt"/>
      <line num="18" count="1" type="stmt"/>
      <line num="19" count="1" type="stmt"/>
      <line num="24" count="1" type="stmt"/>
      <line num="25" count="1" type="stmt"/>
      <line num="26" count="1" type="stmt"/>
      <line num="29" count="1" type="stmt"/>
      <line num="30" count="4" type="stmt"/>
      <line num="31" count="4" type="stmt"/>
      <line num="32" count="4" type="stmt"/>
      <line num="37" count="4" type="stmt"/>
      <line num="38" count="4" type="stmt"/>
      <line num="39" count="4" type="stmt"/>
      <line num="42" count="1" type="stmt"/>
      <line num="43" count="1" type="stmt"/>
      <line num="44" count="1" type="stmt"/>
      <line num="45" count="1" type="stmt"/>
      <line num="46" count="1" type="stmt"/>
      <line num="47" count="0" type="stmt"/>
      <line num="49" count="1" type="stmt"/>
      <line num="52" count="1" type="stmt"/>
      <line num="53" count="1" type="stmt"/>
      <line num="54" count="1" type="stmt"/>
      <line num="55" count="4" type="cond" truecount="1" falsecount="1"/>
      <line num="56" count="10" type="stmt"/>
      <line num="59" count="1" type="stmt"/>
      <line num="60" count="1" type="stmt"/>
      <line num="61" count="0" type="stmt"/>
      <line num="63" count="1" type="stmt"/>
    </file>
  </project>
</coverage>
