{"D:\\Microverse\\module-2\\block-3\\unit-test-pair-programming\\To-do-list\\src\\modules\\changeDom.js": {"path":"D:\\Microverse\\module-2\\block-3\\unit-test-pair-programming\\To-do-list\\src\\modules\\changeDom.js","statementMap":{"0":{"start":{"line":1,"column":27},"end":{"line":4,"column":1}},"1":{"start":{"line":2,"column":19},"end":{"line":2,"column":54}},"2":{"start":{"line":3,"column":2},"end":{"line":3,"column":36}},"3":{"start":{"line":6,"column":29},"end":{"line":8,"column":1}},"4":{"start":{"line":7,"column":2},"end":{"line":7,"column":39}}},"fnMap":{"0":{"name":"(anonymous_0)","decl":{"start":{"line":1,"column":27},"end":{"line":1,"column":28}},"loc":{"start":{"line":1,"column":44},"end":{"line":4,"column":1}},"line":1},"1":{"name":"(anonymous_1)","decl":{"start":{"line":6,"column":29},"end":{"line":6,"column":30}},"loc":{"start":{"line":6,"column":39},"end":{"line":8,"column":1}},"line":6}},"branchMap":{},"s":{"0":1,"1":1,"2":1,"3":1,"4":1},"f":{"0":1,"1":1},"b":{},"_coverageSchema":"1a1c01bbd47fc00a2c39e90264f33305004495a9","hash":"3081fbb0c0169061406b0d0171b30a3b91bf192a"}
,"D:\\Microverse\\module-2\\block-3\\unit-test-pair-programming\\To-do-list\\src\\modules\\todo.js": {"path":"D:\\Microverse\\module-2\\block-3\\unit-test-pair-programming\\To-do-list\\src\\modules\\todo.js","statementMap":{"0":{"start":{"line":3,"column":19},"end":{"line":3,"column":21}},"1":{"start":{"line":7,"column":4},"end":{"line":7,"column":35}},"2":{"start":{"line":8,"column":4},"end":{"line":8,"column":31}},"3":{"start":{"line":9,"column":4},"end":{"line":9,"column":23}},"4":{"start":{"line":12,"column":19},"end":{"line":16,"column":3}},"5":{"start":{"line":13,"column":4},"end":{"line":13,"column":34}},"6":{"start":{"line":14,"column":17},"end":{"line":14,"column":82}},"7":{"start":{"line":14,"column":42},"end":{"line":14,"column":81}},"8":{"start":{"line":15,"column":4},"end":{"line":15,"column":16}},"9":{"start":{"line":18,"column":19},"end":{"line":27,"column":3}},"10":{"start":{"line":19,"column":20},"end":{"line":23,"column":5}},"11":{"start":{"line":24,"column":22},"end":{"line":24,"column":36}},"12":{"start":{"line":25,"column":4},"end":{"line":25,"column":28}},"13":{"start":{"line":26,"column":4},"end":{"line":26,"column":32}},"14":{"start":{"line":29,"column":22},"end":{"line":39,"column":3}},"15":{"start":{"line":30,"column":4},"end":{"line":30,"column":34}},"16":{"start":{"line":31,"column":4},"end":{"line":31,"column":82}},"17":{"start":{"line":31,"column":52},"end":{"line":31,"column":80}},"18":{"start":{"line":32,"column":20},"end":{"line":36,"column":5}},"19":{"start":{"line":37,"column":4},"end":{"line":37,"column":31}},"20":{"start":{"line":38,"column":4},"end":{"line":38,"column":28}},"21":{"start":{"line":41,"column":22},"end":{"line":49,"column":3}},"22":{"start":{"line":42,"column":4},"end":{"line":42,"column":34}},"23":{"start":{"line":43,"column":4},"end":{"line":43,"column":99}},"24":{"start":{"line":43,"column":52},"end":{"line":43,"column":97}},"25":{"start":{"line":44,"column":27},"end":{"line":44,"column":29}},"26":{"start":{"line":45,"column":4},"end":{"line":47,"column":7}},"27":{"start":{"line":45,"column":32},"end":{"line":45,"column":49}},"28":{"start":{"line":46,"column":6},"end":{"line":46,"column":87}},"29":{"start":{"line":48,"column":4},"end":{"line":48,"column":37}}},"fnMap":{"0":{"name":"(anonymous_0)","decl":{"start":{"line":6,"column":2},"end":{"line":6,"column":3}},"loc":{"start":{"line":6,"column":45},"end":{"line":10,"column":3}},"line":6},"1":{"name":"(anonymous_1)","decl":{"start":{"line":12,"column":19},"end":{"line":12,"column":20}},"loc":{"start":{"line":12,"column":30},"end":{"line":16,"column":3}},"line":12},"2":{"name":"(anonymous_2)","decl":{"start":{"line":14,"column":35},"end":{"line":14,"column":36}},"loc":{"start":{"line":14,"column":42},"end":{"line":14,"column":81}},"line":14},"3":{"name":"(anonymous_3)","decl":{"start":{"line":18,"column":19},"end":{"line":18,"column":20}},"loc":{"start":{"line":18,"column":29},"end":{"line":27,"column":3}},"line":18},"4":{"name":"(anonymous_4)","decl":{"start":{"line":29,"column":22},"end":{"line":29,"column":23}},"loc":{"start":{"line":29,"column":32},"end":{"line":39,"column":3}},"line":29},"5":{"name":"(anonymous_5)","decl":{"start":{"line":31,"column":39},"end":{"line":31,"column":40}},"loc":{"start":{"line":31,"column":52},"end":{"line":31,"column":80}},"line":31},"6":{"name":"(anonymous_6)","decl":{"start":{"line":41,"column":22},"end":{"line":41,"column":23}},"loc":{"start":{"line":41,"column":33},"end":{"line":49,"column":3}},"line":41},"7":{"name":"(anonymous_7)","decl":{"start":{"line":43,"column":39},"end":{"line":43,"column":40}},"loc":{"start":{"line":43,"column":52},"end":{"line":43,"column":97}},"line":43},"8":{"name":"(anonymous_8)","decl":{"start":{"line":45,"column":22},"end":{"line":45,"column":23}},"loc":{"start":{"line":45,"column":32},"end":{"line":45,"column":49}},"line":45},"9":{"name":"(anonymous_9)","decl":{"start":{"line":45,"column":59},"end":{"line":45,"column":60}},"loc":{"start":{"line":45,"column":79},"end":{"line":47,"column":5}},"line":45}},"branchMap":{},"s":{"0":1,"1":2,"2":2,"3":2,"4":1,"5":0,"6":0,"7":0,"8":0,"9":1,"10":1,"11":1,"12":1,"13":1,"14":1,"15":0,"16":0,"17":0,"18":0,"19":0,"20":0,"21":1,"22":1,"23":1,"24":0,"25":1,"26":1,"27":0,"28":0,"29":1},"f":{"0":2,"1":0,"2":0,"3":1,"4":0,"5":0,"6":1,"7":0,"8":0,"9":0},"b":{},"_coverageSchema":"1a1c01bbd47fc00a2c39e90264f33305004495a9","hash":"4da3d50a08c0b4d335a62cadfa5627fbec14c862"}
}
