TN:
SF:src\modules\changeDom.js
FN:1,(anonymous_0)
FN:6,(anonymous_1)
FN:10,(anonymous_2)
FN:11,(anonymous_3)
FNF:4
FNH:2
FNDA:1,(anonymous_0)
FNDA:1,(anonymous_1)
FNDA:0,(anonymous_2)
FNDA:0,(anonymous_3)
DA:1,1
DA:2,1
DA:3,1
DA:6,1
DA:7,1
DA:10,1
DA:11,0
DA:12,0
DA:13,0
LF:9
LH:6
BRDA:12,0,0,0
BRDA:12,0,1,0
BRF:2
BRH:0
end_of_record
TN:
SF:src\modules\todo.js
FN:6,(anonymous_0)
FN:12,(anonymous_1)
FN:14,(anonymous_2)
FN:18,(anonymous_3)
FN:29,(anonymous_4)
FN:31,(anonymous_5)
FN:42,(anonymous_6)
FN:44,(anonymous_7)
FN:46,(anonymous_8)
FN:46,(anonymous_9)
FN:52,(anonymous_10)
FN:54,(anonymous_11)
FN:56,(anonymous_12)
FN:60,(anonymous_13)
FN:60,(anonymous_14)
FNF:15
FNH:9
FNDA:12,(anonymous_0)
FNDA:0,(anonymous_1)
FNDA:0,(anonymous_2)
FNDA:1,(anonymous_3)
FNDA:4,(anonymous_4)
FNDA:0,(anonymous_5)
FNDA:1,(anonymous_6)
FNDA:0,(anonymous_7)
FNDA:0,(anonymous_8)
FNDA:0,(anonymous_9)
FNDA:2,(anonymous_10)
FNDA:8,(anonymous_11)
FNDA:17,(anonymous_12)
FNDA:1,(anonymous_13)
FNDA:2,(anonymous_14)
DA:3,1
DA:7,12
DA:8,12
DA:9,12
DA:12,1
DA:13,0
DA:14,0
DA:15,0
DA:18,1
DA:19,1
DA:24,1
DA:25,1
DA:26,1
DA:29,1
DA:30,4
DA:31,4
DA:32,4
DA:37,4
DA:38,4
DA:39,4
DA:42,1
DA:43,1
DA:44,1
DA:45,1
DA:46,1
DA:47,0
DA:49,1
DA:52,1
DA:53,2
DA:54,2
DA:55,8
DA:56,17
DA:59,2
DA:60,2
DA:61,2
DA:63,2
LF:36
LH:32
BRDA:55,0,0,6
BRDA:55,0,1,2
BRF:2
BRH:2
end_of_record
